modules/alarm-fullscreen/android/build/intermediates/manifest_merge_blame_file/release/processReleaseManifest/manifest-merger-blame-release-report.txt
1<?xml version="1.0" encoding="utf-8"?>
2<manifest xmlns:android="http://schemas.android.com/apk/res/android"
3    package="expo.modules.alarmfullscreen" >
4
5    <uses-sdk android:minSdkVersion="24" />
6
7    <uses-permission android:name="android.permission.POST_NOTIFICATIONS" />
7-->src/main/AndroidManifest.xml:3:3-75
7-->src/main/AndroidManifest.xml:3:20-72
8    <uses-permission android:name="android.permission.USE_EXACT_ALARM" />
8-->src/main/AndroidManifest.xml:4:3-72
8-->src/main/AndroidManifest.xml:4:20-69
9    <uses-permission android:name="android.permission.USE_FULL_SCREEN_INTENT" />
9-->src/main/AndroidManifest.xml:5:3-79
9-->src/main/AndroidManifest.xml:5:20-76
10    <uses-permission android:name="android.permission.FOREGROUND_SERVICE" />
10-->src/main/AndroidManifest.xml:6:3-75
10-->src/main/AndroidManifest.xml:6:20-72
11    <uses-permission android:name="android.permission.FOREGROUND_SERVICE_MEDIA_PLAYBACK" />
11-->src/main/AndroidManifest.xml:7:3-90
11-->src/main/AndroidManifest.xml:7:20-87
12    <uses-permission android:name="android.permission.RECEIVE_BOOT_COMPLETED" />
12-->src/main/AndroidManifest.xml:8:3-79
12-->src/main/AndroidManifest.xml:8:20-76
13    <uses-permission android:name="android.permission.VIBRATE" />
13-->src/main/AndroidManifest.xml:9:3-64
13-->src/main/AndroidManifest.xml:9:20-61
14    <uses-permission android:name="android.permission.WAKE_LOCK" />
14-->src/main/AndroidManifest.xml:10:3-66
14-->src/main/AndroidManifest.xml:10:20-63
15
16    <application>
16-->src/main/AndroidManifest.xml:12:3-31:17
17        <service
17-->src/main/AndroidManifest.xml:13:5-16:36
18            android:name="expo.modules.alarmfullscreen.AlarmService"
18-->src/main/AndroidManifest.xml:14:9-37
19            android:exported="false"
19-->src/main/AndroidManifest.xml:16:9-33
20            android:foregroundServiceType="mediaPlayback" />
20-->src/main/AndroidManifest.xml:15:9-54
21
22        <receiver
22-->src/main/AndroidManifest.xml:18:5-20:36
23            android:name="expo.modules.alarmfullscreen.AlarmReceiver"
23-->src/main/AndroidManifest.xml:19:9-38
24            android:exported="false" />
24-->src/main/AndroidManifest.xml:20:9-33
25        <receiver
25-->src/main/AndroidManifest.xml:22:5-30:16
26            android:name="expo.modules.alarmfullscreen.BootReceiver"
26-->src/main/AndroidManifest.xml:23:9-37
27            android:exported="true" >
27-->src/main/AndroidManifest.xml:24:9-32
28            <intent-filter>
28-->src/main/AndroidManifest.xml:25:7-29:23
29                <action android:name="android.intent.action.BOOT_COMPLETED" />
29-->src/main/AndroidManifest.xml:26:9-71
29-->src/main/AndroidManifest.xml:26:17-68
30                <action android:name="android.intent.action.QUICKBOOT_POWERON" />
30-->src/main/AndroidManifest.xml:27:9-74
30-->src/main/AndroidManifest.xml:27:17-71
31                <action android:name="com.htc.intent.action.QUICKBOOT_POWERON" />
31-->src/main/AndroidManifest.xml:28:9-74
31-->src/main/AndroidManifest.xml:28:17-71
32            </intent-filter>
33        </receiver>
34    </application>
35
36</manifest>